<?xml version="1.0" encoding="UTF-8"?>
<!-- Generated by org.testng.reporters.JUnitReportReporter -->
<testsuite hostname="DESKTOP-K342L7F" failures="0" tests="4" name="curs10.TestAnnotationExample" time="0.020" errors="0" timestamp="2022-03-25T20:33:16 EET" skipped="0">
  <testcase classname="curs10.TestAnnotationExample" name="test3" time="0.002"/>
  <system-out/>
  <testcase classname="curs10.TestAnnotationExample" name="test4" time="0.003"/>
  <system-out/>
  <testcase classname="curs10.TestAnnotationExample" name="test2" time="0.003"/>
  <system-out/>
  <testcase classname="curs10.TestAnnotationExample" name="test1" time="0.012"/>
  <system-out/>
</testsuite> <!-- curs10.TestAnnotationExample -->
