<?xml version="1.0" encoding="UTF-8"?>
<!-- Generated by org.testng.reporters.JUnitReportReporter -->
<testsuite hostname="DESKTOP-K342L7F" failures="0" tests="1" name="curs9.TestExample" time="0.018" errors="0" timestamp="2022-03-22T20:01:00 EET" skipped="0">
  <testcase classname="curs9.TestExample" name="test1" time="0.018"/>
  <system-out/>
</testsuite> <!-- curs9.TestExample -->
