<?xml version="1.0" encoding="UTF-8"?>
<!-- Generated by org.testng.reporters.JUnitReportReporter -->
<testsuite hostname="DESKTOP-K342L7F" failures="0" tests="5" name="curs10.PriorityExample" time="0.028" errors="0" timestamp="2022-03-25T20:53:54 EET" skipped="0">
  <testcase classname="curs10.PriorityExample" name="abc" time="0.012"/>
  <system-out/>
  <testcase classname="curs10.PriorityExample" name="first" time="0.002"/>
  <system-out/>
  <testcase classname="curs10.PriorityExample" name="second" time="0.004"/>
  <system-out/>
  <testcase classname="curs10.PriorityExample" name="third" time="0.003"/>
  <system-out/>
  <testcase classname="curs10.PriorityExample" name="fourth" time="0.007"/>
  <system-out/>
</testsuite> <!-- curs10.PriorityExample -->
