<?xml version="1.0" encoding="UTF-8"?>
<!-- Generated by org.testng.reporters.JUnitReportReporter -->
<testsuite hostname="DESKTOP-K342L7F" failures="0" tests="1" name="curs10.FirstScript" time="0.018" errors="0" timestamp="2022-03-25T21:42:02 EET" skipped="0">
  <testcase classname="curs10.FirstScript" name="checkPageTitle" time="0.018"/>
  <system-out/>
</testsuite> <!-- curs10.FirstScript -->
