<?xml version="1.0" encoding="UTF-8"?>
<!-- Generated by org.testng.reporters.JUnitReportReporter -->
<testsuite hostname="DESKTOP-K342L7F" failures="0" tests="1" name="curs11.HomeworkCurs11" time="1.634" errors="0" timestamp="2022-03-30T10:31:27 EEST" skipped="0">
  <testcase classname="curs11.HomeworkCurs11" name="Login" time="1.634"/>
  <system-out/>
</testsuite> <!-- curs11.HomeworkCurs11 -->
