<?xml version="1.0" encoding="UTF-8"?>
<!-- Generated by org.testng.reporters.JUnitReportReporter -->
<testsuite hostname="DESKTOP-K342L7F" failures="0" tests="2" name="curs10.BeforeAfterExample" time="0.011" errors="0" timestamp="2022-03-25T20:26:21 EET" skipped="0">
  <testcase classname="curs10.BeforeAfterExample" name="test2" time="0.002"/>
  <system-out/>
  <testcase classname="curs10.BeforeAfterExample" name="test1" time="0.009"/>
  <system-out/>
</testsuite> <!-- curs10.BeforeAfterExample -->
